<?xml version="1.0" encoding="utf-8" standalone="no"?>
<!--This file represents the results of running a test suite-->
<test-results name="D:\Projects\POSH-sharp\POSH-sharp-Testing\POSH-sharp-Testing.csproj" total="6" errors="0" failures="0" not-run="0" inconclusive="0" ignored="0" skipped="0" invalid="0" date="2012-09-03" time="14:25:01">
  <environment nunit-version="2.6.1.12217" clr-version="2.0.50727.5456" os-version="Microsoft Windows NT 6.1.7601 Service Pack 1" platform="Win32NT" cwd="D:\Projects\POSH-sharp\POSH-sharp-Testing" machine-name="DRAGUL" user="swen" user-domain="dragul" />
  <culture-info current-culture="en-GB" current-uiculture="en-US" />
  <test-suite type="Project" name="D:\Projects\POSH-sharp\POSH-sharp-Testing\POSH-sharp-Testing.csproj" executed="True" result="Success" success="True" time="695.833" asserts="0">
    <results>
      <test-suite type="Assembly" name="D:\Projects\POSH-sharp\POSH-sharp-Testing\bin\Debug\POSH-sharp-Testing.exe" executed="True" result="Success" success="True" time="695.798" asserts="0">
        <results>
          <test-suite type="Namespace" name="POSH_sharp_Testing" executed="True" result="Success" success="True" time="695.788" asserts="0">
            <results>
              <test-suite type="Namespace" name="validate" executed="True" result="Success" success="True" time="695.778" asserts="0">
                <results>
                  <test-suite type="Namespace" name="sys" executed="True" result="Success" success="True" time="695.768" asserts="0">
                    <results>
                      <test-suite type="Namespace" name="parse" executed="True" result="Success" success="True" time="695.758" asserts="0">
                        <results>
                          <test-suite type="TestFixture" name="LAPLexerTest" executed="True" result="Success" success="True" time="2.045" asserts="0">
                            <results>
                              <test-case name="POSH_sharp_Testing.validate.sys.parse.LAPLexerTest.ResetInput" executed="True" result="Success" success="True" time="0.180" asserts="0" />
                              <test-case name="POSH_sharp_Testing.validate.sys.parse.LAPLexerTest.RetrieveAllTokens" executed="True" result="Success" success="True" time="0.025" asserts="0" />
                              <test-case name="POSH_sharp_Testing.validate.sys.parse.LAPLexerTest.RetrieveToken" executed="True" result="Success" success="True" time="0.000" asserts="0" />
                              <test-case name="POSH_sharp_Testing.validate.sys.parse.LAPLexerTest.TestingLines" executed="True" result="Success" success="True" time="0.000" asserts="0" />
                              <test-case name="POSH_sharp_Testing.validate.sys.parse.LAPLexerTest.TestingPatterns" executed="True" result="Success" success="True" time="0.005" asserts="0" />
                            </results>
                          </test-suite>
                          <test-suite type="TestFixture" name="LapParserTest" executed="True" result="Success" success="True" time="693.698" asserts="0">
                            <results>
                              <test-case name="POSH_sharp_Testing.validate.sys.parse.LapParserTest.RetrievePlanbuilder" executed="True" result="Success" success="True" time="693.688" asserts="0" />
                            </results>
                          </test-suite>
                        </results>
                      </test-suite>
                    </results>
                  </test-suite>
                </results>
              </test-suite>
            </results>
          </test-suite>
        </results>
      </test-suite>
    </results>
  </test-suite>
</test-results>